<?xml version="1.0" encoding="UTF-8"?>
<testng-results ignored="0" total="2" passed="2" failed="0" skipped="0">
  <reporter-output>
  </reporter-output>
  <suite started-at="2022-04-01T15:27:57Z" name="Default suite" finished-at="2022-04-01T15:28:06Z" duration-ms="9013">
    <groups>
    </groups>
    <test started-at="2022-04-01T15:27:57Z" name="Default test" finished-at="2022-04-01T15:28:06Z" duration-ms="9013">
      <class name="Demo.Maven.pageFactory_Tests">
        <test-method is-config="true" signature="setup()[pri:0, instance:Demo.Maven.pageFactory_Tests@54a3ab8f]" started-at="2022-04-01T15:27:57Z" name="setup" finished-at="2022-04-01T15:27:59Z" duration-ms="1660" status="PASS">
          <reporter-output>
          </reporter-output>
        </test-method> <!-- setup -->
        <test-method signature="login_Negative()[pri:0, instance:Demo.Maven.pageFactory_Tests@54a3ab8f]" started-at="2022-04-01T15:27:59Z" name="login_Negative" finished-at="2022-04-01T15:28:02Z" duration-ms="3156" status="PASS">
          <reporter-output>
          </reporter-output>
        </test-method> <!-- login_Negative -->
        <test-method signature="login_Positive()[pri:0, instance:Demo.Maven.pageFactory_Tests@54a3ab8f]" started-at="2022-04-01T15:28:02Z" name="login_Positive" finished-at="2022-04-01T15:28:06Z" duration-ms="4110" status="PASS">
          <reporter-output>
          </reporter-output>
        </test-method> <!-- login_Positive -->
        <test-method is-config="true" signature="tearDown()[pri:0, instance:Demo.Maven.pageFactory_Tests@54a3ab8f]" started-at="2022-04-01T15:28:06Z" name="tearDown" finished-at="2022-04-01T15:28:06Z" duration-ms="78" status="PASS">
          <reporter-output>
          </reporter-output>
        </test-method> <!-- tearDown -->
      </class> <!-- Demo.Maven.pageFactory_Tests -->
    </test> <!-- Default test -->
  </suite> <!-- Default suite -->
</testng-results>
